[debug] [2022-10-18T14:38:45.375Z] ----------------------------------------------------------------------
[debug] [2022-10-18T14:38:45.377Z] Command:       C:\Program Files\nodejs\node.exe C:\Users\Beren\AppData\Roaming\npm\node_modules\firebase-tools\lib\bin\firebase.js init
[debug] [2022-10-18T14:38:45.377Z] CLI Version:   11.15.0
[debug] [2022-10-18T14:38:45.377Z] Platform:      win32
[debug] [2022-10-18T14:38:45.377Z] Node Version:  v16.15.0
[debug] [2022-10-18T14:38:45.378Z] Time:          Tue Oct 18 2022 16:38:45 GMT+0200 (Central European Summer Time)
[debug] [2022-10-18T14:38:45.378Z] ----------------------------------------------------------------------
[debug] 
[debug] [2022-10-18T14:38:45.383Z] > command requires scopes: ["email","openid","https://www.googleapis.com/auth/cloudplatformprojects.readonly","https://www.googleapis.com/auth/firebase","https://www.googleapis.com/auth/cloud-platform"]
[debug] [2022-10-18T14:38:45.383Z] > authorizing via signed-in user (Berend_wout@live.nl)
[info] 
     ######## #### ########  ######## ########     ###     ######  ########
     ##        ##  ##     ## ##       ##     ##  ##   ##  ##       ##
     ######    ##  ########  ######   ########  #########  ######  ######
     ##        ##  ##    ##  ##       ##     ## ##     ##       ## ##
     ##       #### ##     ## ######## ########  ##     ##  ######  ########

You're about to initialize a Firebase project in this directory:

  C:\Users\Beren\Desktop\RealEstateCare

[info] 
=== Project Setup
[info] 
[info] First, let's associate this project directory with a Firebase project.
[info] You can create multiple project aliases by running firebase use --add, 
[info] but for now we'll just set up a default project.
[info] 
[debug] [2022-10-18T14:39:36.989Z] >>> [apiv2][query] GET https://firebase.googleapis.com/v1beta1/projects pageSize=100
[debug] [2022-10-18T14:39:37.720Z] <<< [apiv2][status] GET https://firebase.googleapis.com/v1beta1/projects 200
[debug] [2022-10-18T14:39:37.720Z] <<< [apiv2][body] GET https://firebase.googleapis.com/v1beta1/projects [omitted]
[info] i  Using project real-estate-care-app (Real Estate Care App) 
[info] 
=== Hosting Setup
[info] 
[info] Your public directory is the folder (relative to your project directory) that
[info] will contain Hosting assets to be uploaded with firebase deploy. If you
[info] have a build process for your assets, use your build's output directory.
[info] 
